2021-09-27 09:14:37.429  INFO 4708 --- [main] lavalink.server.Launcher                 : 

[32m       .  [31m _                  _ _       _    [32m__ _ _
[32m      /\\ [31m| | __ ___   ____ _| (_)_ __ | | __[32m\ \ \ \
[32m     ( ( )[31m| |/ _` \ \ / / _` | | | '_ \| |/ /[32m \ \ \ \
[32m      \\/ [31m| | (_| |\ V / (_| | | | | | |   < [32m  ) ) ) )
[32m       '  [31m|_|\__,_| \_/ \__,_|_|_|_| |_|_|\_\[32m / / / /
[0m    =========================================[32m/_/_/_/[0m

	Version:        3.3.2.5
	Build:          1222
	Build time:     11.04.2021 08:07:27 UTC
	Branch          master
	Commit:         7b914f2
	Commit time:    09.04.2021 17:14:27 UTC
	JVM:            17
	Lavaplayer      1.3.76

2021-09-27 09:14:37.590  INFO 4708 --- [main] lavalink.server.Launcher                 : Starting Launcher on Toby with PID 4708 (C:\Users\kalix\Desktop\Fe-Network\Lavalink.jar started by kalix in C:\Users\kalix\Desktop\Fe-Network)
2021-09-27 09:14:37.591  INFO 4708 --- [main] lavalink.server.Launcher                 : No active profile set, falling back to default profiles: default
2021-09-27 09:14:37.778  WARN 4708 --- [background-preinit] o.s.h.c.j.Jackson2ObjectMapperBuilder    : For Jackson Kotlin classes support please add "com.fasterxml.jackson.module:jackson-module-kotlin" to the classpath
2021-09-27 09:14:39.097  WARN 4708 --- [main] io.undertow.websockets.jsr               : UT026010: Buffer pool was not set on WebSocketDeploymentInfo, the default pool will be used
2021-09-27 09:14:39.155  INFO 4708 --- [main] io.undertow.servlet                      : Initializing Spring embedded WebApplicationContext
2021-09-27 09:14:39.156  INFO 4708 --- [main] o.s.web.context.ContextLoader            : Root WebApplicationContext: initialization completed in 1481 ms
2021-09-27 09:14:39.713  WARN 4708 --- [main] l.server.config.SentryConfiguration      : Turning off sentry
2021-09-27 09:14:40.081  INFO 4708 --- [main] c.s.d.l.tools.GarbageCollectionMonitor   : GC monitoring enabled, reporting results every 2 minutes.
2021-09-27 09:14:40.418  INFO 4708 --- [main] lavalink.server.config.KoeConfiguration  : OS: Windows 10, Arch: amd64
2021-09-27 09:14:40.419  WARN 4708 --- [main] lavalink.server.config.KoeConfiguration  : This system and architecture appears to not support native audio sending! GC pauses may cause your bot to stutter during playback.
2021-09-27 09:14:40.753  INFO 4708 --- [main] o.s.s.concurrent.ThreadPoolTaskExecutor  : Initializing ExecutorService 'applicationTaskExecutor'
2021-09-27 09:14:41.144  INFO 4708 --- [main] org.xnio                                 : XNIO version 3.3.8.Final
2021-09-27 09:14:41.162  INFO 4708 --- [main] org.xnio.nio                             : XNIO NIO Implementation Version 3.3.8.Final
2021-09-27 09:14:41.252  INFO 4708 --- [main] o.s.b.w.e.u.UndertowServletWebServer     : Undertow started on port(s) 2333 (http) with context path ''
2021-09-27 09:14:41.259  INFO 4708 --- [main] lavalink.server.Launcher                 : Started Launcher in 4.507 seconds (JVM running for 5.268)
2021-09-27 09:14:41.262  INFO 4708 --- [main] lavalink.server.Launcher                 : You can safely ignore the big red warning about illegal reflection. See https://github.com/Frederikam/Lavalink/issues/295
2021-09-27 09:15:59.194  INFO 4708 --- [XNIO-1 task-1] io.undertow.servlet                      : Initializing Spring DispatcherServlet 'dispatcherServlet'
2021-09-27 09:15:59.195  INFO 4708 --- [XNIO-1 task-1] o.s.web.servlet.DispatcherServlet        : Initializing Servlet 'dispatcherServlet'
2021-09-27 09:15:59.205  INFO 4708 --- [XNIO-1 task-1] o.s.web.servlet.DispatcherServlet        : Completed initialization in 9 ms
2021-09-27 09:15:59.232  INFO 4708 --- [XNIO-1 task-1] l.server.io.HandshakeInterceptorImpl     : Incoming connection from /127.0.0.1:62970
2021-09-27 09:15:59.307  INFO 4708 --- [XNIO-1 task-1] lavalink.server.io.SocketServer          : Connection successfully established from /127.0.0.1:62970
2021-09-27 09:17:09.426  INFO 4708 --- [XNIO-1 I/O-6] lavalink.server.io.SocketServer          : Connection closed from /127.0.0.1:62970 -- CloseStatus[code=1006, reason=]
2021-09-27 09:17:09.427  INFO 4708 --- [XNIO-1 I/O-6] lavalink.server.io.SocketContext         : Shutting down 0 playing players.
2021-09-27 09:17:29.914  INFO 4708 --- [XNIO-1 task-2] l.server.io.HandshakeInterceptorImpl     : Incoming connection from /127.0.0.1:53676
2021-09-27 09:17:29.924  INFO 4708 --- [XNIO-1 task-2] lavalink.server.io.SocketServer          : Connection successfully established from /127.0.0.1:53676
2021-09-27 09:17:32.675  INFO 4708 --- [XNIO-1 I/O-8] lavalink.server.io.SocketServer          : {"op":"volume","guildId":"886139397429407744","volume":100}
2021-09-27 09:17:32.723  INFO 4708 --- [XNIO-1 task-3] l.server.player.AudioLoaderRestHandler   : Got request to load for identifier "ytsearch:hello"
2021-09-27 09:17:34.319  INFO 4708 --- [lava-daemon-pool-info-loader-2-thread-1] lavalink.server.player.AudioLoader       : Loaded playlist Search results for: hello
2021-09-27 09:17:36.436  INFO 4708 --- [XNIO-1 I/O-8] lavalink.server.io.SocketServer          : {"op":"play","guildId":"886139397429407744","track":"QAAAbAIADUFkZWxlIC0gSGVsbG8ABUFkZWxlAAAAAAAFmZgAC1lRSHNYTWdsQzlBAAEAK2h0dHBzOi8vd3d3LnlvdXR1YmUuY29tL3dhdGNoP3Y9WVFIc1hNZ2xDOUEAB3lvdXR1YmUAAAAAAAAAAA=="}
2021-09-27 09:18:02.831  INFO 4708 --- [XNIO-1 I/O-8] lavalink.server.io.SocketServer          : {"op":"pause","guildId":"886139397429407744","pause":true}
2021-09-27 09:18:02.835  INFO 4708 --- [XNIO-1 I/O-8] lavalink.server.io.SocketServer          : {"op":"destroy","guildId":"886139397429407744"}
2021-09-27 09:18:24.559  INFO 4708 --- [XNIO-1 I/O-8] lavalink.server.io.SocketServer          : {"op":"volume","guildId":"886139397429407744","volume":100}
2021-09-27 09:18:24.567  INFO 4708 --- [XNIO-1 task-5] l.server.player.AudioLoaderRestHandler   : Got request to load for identifier "ytsearch:hello"
2021-09-27 09:18:25.383  INFO 4708 --- [lava-daemon-pool-info-loader-2-thread-1] lavalink.server.player.AudioLoader       : Loaded playlist Search results for: hello
2021-09-27 09:18:26.763  INFO 4708 --- [XNIO-1 I/O-8] lavalink.server.io.SocketServer          : {"op":"play","guildId":"886139397429407744","track":"QAAAbAIADUFkZWxlIC0gSGVsbG8ABUFkZWxlAAAAAAAFmZgAC1lRSHNYTWdsQzlBAAEAK2h0dHBzOi8vd3d3LnlvdXR1YmUuY29tL3dhdGNoP3Y9WVFIc1hNZ2xDOUEAB3lvdXR1YmUAAAAAAAAAAA=="}
2021-09-27 09:19:30.090  INFO 4708 --- [XNIO-1 I/O-8] lavalink.server.io.SocketServer          : {"op":"destroy","guildId":"886139397429407744"}
2021-09-27 09:22:18.648  INFO 4708 --- [XNIO-1 I/O-8] lavalink.server.io.SocketServer          : Connection closed from /127.0.0.1:53676 -- CloseStatus[code=1006, reason=]
2021-09-27 09:22:18.650  INFO 4708 --- [XNIO-1 I/O-8] lavalink.server.io.SocketContext         : Shutting down 0 playing players.
2021-09-27 09:24:57.507  INFO 4708 --- [XNIO-1 task-7] l.server.io.HandshakeInterceptorImpl     : Incoming connection from /127.0.0.1:63208
2021-09-27 09:24:57.515  INFO 4708 --- [XNIO-1 task-7] lavalink.server.io.SocketServer          : Connection successfully established from /127.0.0.1:63208
2021-09-27 09:25:06.898  INFO 4708 --- [XNIO-1 I/O-4] lavalink.server.io.SocketServer          : {"op":"volume","guildId":"886139397429407744","volume":100}
2021-09-27 09:25:06.922  INFO 4708 --- [XNIO-1 task-8] l.server.player.AudioLoaderRestHandler   : Got request to load for identifier "ytsearch:hello"
2021-09-27 09:25:07.600  INFO 4708 --- [XNIO-1 I/O-4] lavalink.server.io.SocketServer          : {"sessionId":"2d48b8826e41db326f89957912585509","op":"voiceUpdate","guildId":"886139397429407744","event":{"token":"01875c9abed0d761","guild_id":"886139397429407744","endpoint":"stockholm8368.discord.media:443"}}
2021-09-27 09:25:07.860  INFO 4708 --- [lava-daemon-pool-info-loader-2-thread-1] lavalink.server.player.AudioLoader       : Loaded playlist Search results for: hello
2021-09-27 09:25:09.037  INFO 4708 --- [XNIO-1 I/O-4] lavalink.server.io.SocketServer          : {"op":"play","guildId":"886139397429407744","track":"QAAAbAIADUFkZWxlIC0gSGVsbG8ABUFkZWxlAAAAAAAFmZgAC1lRSHNYTWdsQzlBAAEAK2h0dHBzOi8vd3d3LnlvdXR1YmUuY29tL3dhdGNoP3Y9WVFIc1hNZ2xDOUEAB3lvdXR1YmUAAAAAAAAAAA=="}
2021-09-27 09:25:55.012  INFO 4708 --- [XNIO-1 I/O-4] lavalink.server.io.SocketServer          : {"op":"pause","guildId":"886139397429407744","pause":true}
2021-09-27 09:25:55.016  INFO 4708 --- [XNIO-1 I/O-4] lavalink.server.io.SocketServer          : {"op":"destroy","guildId":"886139397429407744"}
2021-09-27 09:26:03.602  INFO 4708 --- [XNIO-1 I/O-4] lavalink.server.io.SocketServer          : Connection closed from /127.0.0.1:63208 -- CloseStatus[code=1006, reason=]
2021-09-27 09:26:03.604  INFO 4708 --- [XNIO-1 I/O-4] lavalink.server.io.SocketContext         : Shutting down 0 playing players.
2021-09-27 09:27:58.456  INFO 4708 --- [XNIO-1 task-10] l.server.io.HandshakeInterceptorImpl     : Incoming connection from /127.0.0.1:63334
2021-09-27 09:27:58.466  INFO 4708 --- [XNIO-1 task-10] lavalink.server.io.SocketServer          : Connection successfully established from /127.0.0.1:63334
